<?xml version="1.0" encoding="UTF-8"?>
<!-- Generated by org.testng.reporters.JUnitReportReporter -->
<testsuite hostname="DESKTOP-GG0HD2N" failures="0" tests="3" name="testcases.HomePagetest" time="36.850" errors="0" timestamp="2023-12-26T09:21:28 IST" skipped="0">
  <testcase classname="testcases.HomePagetest" name="verifyTitleOnHomepage" time="6.346"/>
  <testcase classname="testcases.HomePagetest" name="verifyAllMenuItemsOnHomepage" time="5.387"/>
  <testcase classname="testcases.HomePagetest" name="verifyLogoOnHomepage" time="25.117"/>
</testsuite> <!-- testcases.HomePagetest -->
