<?xml version="1.0" encoding="UTF-8"?>
<!-- Generated by org.testng.reporters.JUnitReportReporter -->
<testsuite hostname="DESKTOP-GG0HD2N" failures="0" tests="1" name="testcases.Logintest" time="16.566" errors="0" timestamp="2023-12-19T13:17:57 IST" skipped="0">
  <testcase classname="testcases.Logintest" name="LoginWith_Valid_Credentials" time="16.566"/>
</testsuite> <!-- testcases.Logintest -->
