<?xml version="1.0" encoding="UTF-8"?>
<!-- Generated by org.testng.reporters.JUnitReportReporter -->
<testsuite hostname="DESKTOP-GG0HD2N" failures="0" tests="1" name="testcases.Signuptest" time="17.910" errors="0" timestamp="2023-12-26T09:28:39 IST" skipped="0">
  <testcase classname="testcases.Signuptest" name="signup" time="17.910"/>
</testsuite> <!-- testcases.Signuptest -->
